[debug] [2024-09-16T05:49:04.184Z] ----------------------------------------------------------------------
[debug] [2024-09-16T05:49:04.187Z] Command:       D:\node\node.exe C:\Users\zhang\AppData\Roaming\npm\node_modules\firebase-tools\lib\bin\firebase.js init firestore
[debug] [2024-09-16T05:49:04.187Z] CLI Version:   13.17.0
[debug] [2024-09-16T05:49:04.187Z] Platform:      win32
[debug] [2024-09-16T05:49:04.187Z] Node Version:  v20.16.0
[debug] [2024-09-16T05:49:04.187Z] Time:          Mon Sep 16 2024 15:49:04 GMT+1000 (澳大利亚东部标准时间)
[debug] [2024-09-16T05:49:04.187Z] ----------------------------------------------------------------------
[debug] 
[debug] [2024-09-16T05:49:04.193Z] > command requires scopes: ["email","openid","https://www.googleapis.com/auth/cloudplatformprojects.readonly","https://www.googleapis.com/auth/firebase","https://www.googleapis.com/auth/cloud-platform"]
[debug] [2024-09-16T05:49:04.193Z] > authorizing via signed-in user (qzha0159@student.monash.edu)
[info] 
     ######## #### ########  ######## ########     ###     ######  ########
     ##        ##  ##     ## ##       ##     ##  ##   ##  ##       ##
     ######    ##  ########  ######   ########  #########  ######  ######
     ##        ##  ##    ##  ##       ##     ## ##     ##       ## ##
     ##       #### ##     ## ######## ########  ##     ##  ######  ########

You're about to initialize a Firebase project in this directory:

  C:\Users\zhang\Desktop\FIT5032

[info] 
=== Project Setup
[info] 
[info] First, let's associate this project directory with a Firebase project.
[info] You can create multiple project aliases by running firebase use --add, 
[info] but for now we'll just set up a default project.
[info] 
[debug] [2024-09-16T05:49:12.157Z] >>> [apiv2][query] GET https://firebase.googleapis.com/v1beta1/projects pageSize=100
[debug] [2024-09-16T05:49:12.875Z] <<< [apiv2][status] GET https://firebase.googleapis.com/v1beta1/projects 200
[debug] [2024-09-16T05:49:12.878Z] <<< [apiv2][body] GET https://firebase.googleapis.com/v1beta1/projects [omitted]
